# JRE version: Java(TM) SE Runtime Environment (8.0_60-b27) (build 1.8.0_60-b27)
# Java VM: Java HotSpot(TM) 64-Bit Server VM (25.60-b23 mixed mode windows-amd64 compressed oops)
Heap:
 PSYoungGen      total 104960K, used 38972K [0x00000000e0980000, 0x00000000e7780000, 0x0000000100000000)
  eden space 97792K, 32% used [0x00000000e0980000,0x00000000e2894ba0,0x00000000e6900000)
  from space 7168K, 99% used [0x00000000e6900000,0x00000000e6ffa660,0x00000000e7000000)
  to   space 6656K, 0% used [0x00000000e7000000,0x00000000e7000000,0x00000000e7680000)
 ParOldGen       total 65536K, used 34819K [0x00000000a1c00000, 0x00000000a5c00000, 0x00000000e0980000)
  object space 65536K, 53% used [0x00000000a1c00000,0x00000000a3e00ca0,0x00000000a5c00000)
 Metaspace       used 20235K, capacity 20688K, committed 20992K, reserved 1067008K
  class space    used 2328K, capacity 2454K, committed 2560K, reserved 1048576K
GC Heap History (10 events):
Event: 2.925 GC heap before
{Heap before GC invocations=5 (full 0):
 PSYoungGen      total 28672K, used 28640K [0x00000000e0980000, 0x00000000e4180000, 0x0000000100000000)
  eden space 24576K, 100% used [0x00000000e0980000,0x00000000e2180000,0x00000000e2180000)
  from space 4096K, 99% used [0x00000000e2580000,0x00000000e2978020,0x00000000e2980000)
  to   space 4096K, 0% used [0x00000000e2180000,0x00000000e2180000,0x00000000e2580000)
 ParOldGen       total 65536K, used 4111K [0x00000000a1c00000, 0x00000000a5c00000, 0x00000000e0980000)
  object space 65536K, 6% used [0x00000000a1c00000,0x00000000a2003c98,0x00000000a5c00000)
 Metaspace       used 12699K, capacity 12988K, committed 13184K, reserved 1060864K
  class space    used 1519K, capacity 1590K, committed 1664K, reserved 1048576K
Event: 2.935 GC heap after
Heap after GC invocations=5 (full 0):
 PSYoungGen      total 28672K, used 4080K [0x00000000e0980000, 0x00000000e4680000, 0x0000000100000000)
  eden space 24576K, 0% used [0x00000000e0980000,0x00000000e0980000,0x00000000e2180000)
  from space 4096K, 99% used [0x00000000e2180000,0x00000000e257c010,0x00000000e2580000)
  to   space 6656K, 0% used [0x00000000e4000000,0x00000000e4000000,0x00000000e4680000)
 ParOldGen       total 65536K, used 5263K [0x00000000a1c00000, 0x00000000a5c00000, 0x00000000e0980000)
  object space 65536K, 8% used [0x00000000a1c00000,0x00000000a2123ca8,0x00000000a5c00000)
 Metaspace       used 12699K, capacity 12988K, committed 13184K, reserved 1060864K
  class space    used 1519K, capacity 1590K, committed 1664K, reserved 1048576K
}
Event: 3.438 GC heap before
{Heap before GC invocations=6 (full 0):
 PSYoungGen      total 28672K, used 28656K [0x00000000e0980000, 0x00000000e4680000, 0x0000000100000000)
  eden space 24576K, 100% used [0x00000000e0980000,0x00000000e2180000,0x00000000e2180000)
  from space 4096K, 99% used [0x00000000e2180000,0x00000000e257c010,0x00000000e2580000)
  to   space 6656K, 0% used [0x00000000e4000000,0x00000000e4000000,0x00000000e4680000)
 ParOldGen       total 65536K, used 5263K [0x00000000a1c00000, 0x00000000a5c00000, 0x00000000e0980000)
  object space 65536K, 8% used [0x00000000a1c00000,0x00000000a2123ca8,0x00000000a5c00000)
 Metaspace       used 12942K, capacity 13276K, committed 13440K, reserved 1060864K
  class space    used 1534K, capacity 1622K, committed 1664K, reserved 1048576K
Event: 3.453 GC heap after
Heap after GC invocations=6 (full 0):
 PSYoungGen      total 55808K, used 5424K [0x00000000e0980000, 0x00000000e4680000, 0x0000000100000000)
  eden space 49152K, 0% used [0x00000000e0980000,0x00000000e0980000,0x00000000e3980000)
  from space 6656K, 81% used [0x00000000e4000000,0x00000000e454c030,0x00000000e4680000)
  to   space 6656K, 0% used [0x00000000e3980000,0x00000000e3980000,0x00000000e4000000)
 ParOldGen       total 65536K, used 5263K [0x00000000a1c00000, 0x00000000a5c00000, 0x00000000e0980000)
  object space 65536K, 8% used [0x00000000a1c00000,0x00000000a2123ca8,0x00000000a5c00000)
 Metaspace       used 12942K, capacity 13276K, committed 13440K, reserved 1060864K
  class space    used 1534K, capacity 1622K, committed 1664K, reserved 1048576K
}
Event: 4.220 GC heap before
{Heap before GC invocations=7 (full 0):
 PSYoungGen      total 55808K, used 54576K [0x00000000e0980000, 0x00000000e4680000, 0x0000000100000000)
  eden space 49152K, 100% used [0x00000000e0980000,0x00000000e3980000,0x00000000e3980000)
  from space 6656K, 81% used [0x00000000e4000000,0x00000000e454c030,0x00000000e4680000)
  to   space 6656K, 0% used [0x00000000e3980000,0x00000000e3980000,0x00000000e4000000)
 ParOldGen       total 65536K, used 5263K [0x00000000a1c00000, 0x00000000a5c00000, 0x00000000e0980000)
  object space 65536K, 8% used [0x00000000a1c00000,0x00000000a2123ca8,0x00000000a5c00000)
 Metaspace       used 13314K, capacity 13716K, committed 13952K, reserved 1060864K
  class space    used 1551K, capacity 1662K, committed 1664K, reserved 1048576K
Event: 4.239 GC heap after
Heap after GC invocations=7 (full 0):
 PSYoungGen      total 55808K, used 5680K [0x00000000e0980000, 0x00000000e7680000, 0x0000000100000000)
  eden space 49152K, 0% used [0x00000000e0980000,0x00000000e0980000,0x00000000e3980000)
  from space 6656K, 85% used [0x00000000e3980000,0x00000000e3f0c010,0x00000000e4000000)
  to   space 6656K, 0% used [0x00000000e7000000,0x00000000e7000000,0x00000000e7680000)
 ParOldGen       total 65536K, used 6663K [0x00000000a1c00000, 0x00000000a5c00000, 0x00000000e0980000)
  object space 65536K, 10% used [0x00000000a1c00000,0x00000000a2281ce8,0x00000000a5c00000)
 Metaspace       used 13314K, capacity 13716K, committed 13952K, reserved 1060864K
  class space    used 1551K, capacity 1662K, committed 1664K, reserved 1048576K
}
Event: 6.891 GC heap before
{Heap before GC invocations=8 (full 0):
 PSYoungGen      total 55808K, used 54832K [0x00000000e0980000, 0x00000000e7680000, 0x0000000100000000)
  eden space 49152K, 100% used [0x00000000e0980000,0x00000000e3980000,0x00000000e3980000)
  from space 6656K, 85% used [0x00000000e3980000,0x00000000e3f0c010,0x00000000e4000000)
  to   space 6656K, 0% used [0x00000000e7000000,0x00000000e7000000,0x00000000e7680000)
 ParOldGen       total 65536K, used 6663K [0x00000000a1c00000, 0x00000000a5c00000, 0x00000000e0980000)
  object space 65536K, 10% used [0x00000000a1c00000,0x00000000a2281ce8,0x00000000a5c00000)
 Metaspace       used 14526K, capacity 14908K, committed 15232K, reserved 1062912K
  class space    used 1679K, capacity 1806K, committed 1920K, reserved 1048576K
Event: 6.902 GC heap after
Heap after GC invocations=8 (full 0):
 PSYoungGen      total 104448K, used 6436K [0x00000000e0980000, 0x00000000e7780000, 0x0000000100000000)
  eden space 97792K, 0% used [0x00000000e0980000,0x00000000e0980000,0x00000000e6900000)
  from space 6656K, 96% used [0x00000000e7000000,0x00000000e7649218,0x00000000e7680000)
  to   space 7168K, 0% used [0x00000000e6900000,0x00000000e6900000,0x00000000e7000000)
 ParOldGen       total 65536K, used 8673K [0x00000000a1c00000, 0x00000000a5c00000, 0x00000000e0980000)
  object space 65536K, 13% used [0x00000000a1c00000,0x00000000a2478518,0x00000000a5c00000)
 Metaspace       used 14526K, capacity 14908K, committed 15232K, reserved 1062912K
  class space    used 1679K, capacity 1806K, committed 1920K, reserved 1048576K
}
Event: 25.098 GC heap before
{Heap before GC invocations=9 (full 0):
 PSYoungGen      total 104448K, used 104228K [0x00000000e0980000, 0x00000000e7780000, 0x0000000100000000)
  eden space 97792K, 100% used [0x00000000e0980000,0x00000000e6900000,0x00000000e6900000)
  from space 6656K, 96% used [0x00000000e7000000,0x00000000e7649218,0x00000000e7680000)
  to   space 7168K, 0% used [0x00000000e6900000,0x00000000e6900000,0x00000000e7000000)
 ParOldGen       total 65536K, used 8673K [0x00000000a1c00000, 0x00000000a5c00000, 0x00000000e0980000)
  object space 65536K, 13% used [0x00000000a1c00000,0x00000000a2478518,0x00000000a5c00000)
 Metaspace       used 19716K, capacity 20144K, committed 20352K, reserved 1067008K
  class space    used 2308K, capacity 2422K, committed 2432K, reserved 1048576K
Event: 25.136 GC heap after
Heap after GC invocations=9 (full 0):
 PSYoungGen      total 104960K, used 7145K [0x00000000e0980000, 0x00000000e7780000, 0x0000000100000000)
  eden space 97792K, 0% used [0x00000000e0980000,0x00000000e0980000,0x00000000e6900000)
  from space 7168K, 99% used [0x00000000e6900000,0x00000000e6ffa660,0x00000000e7000000)
  to   space 6656K, 0% used [0x00000000e7000000,0x00000000e7000000,0x00000000e7680000)
 ParOldGen       total 65536K, used 34819K [0x00000000a1c00000, 0x00000000a5c00000, 0x00000000e0980000)
  object space 65536K, 53% used [0x00000000a1c00000,0x00000000a3e00ca0,0x00000000a5c00000)
 Metaspace       used 19716K, capacity 20144K, committed 20352K, reserved 1067008K
  class space    used 2308K, capacity 2422K, committed 2432K, reserved 1048576K
}

