# JRE version: Java(TM) SE Runtime Environment (8.0_60-b27) (build 1.8.0_60-b27)
# Java VM: Java HotSpot(TM) 64-Bit Server VM (25.60-b23 mixed mode windows-amd64 compressed oops)
Heap:
 PSYoungGen      total 88576K, used 4758K [0x00000000e0980000, 0x00000000e9700000, 0x0000000100000000)
  eden space 80896K, 5% used [0x00000000e0980000,0x00000000e0e258e0,0x00000000e5880000)
  from space 7680K, 0% used [0x00000000e7100000,0x00000000e7100000,0x00000000e7880000)
  to   space 25088K, 0% used [0x00000000e5880000,0x00000000e5880000,0x00000000e7100000)
 ParOldGen       total 65536K, used 40834K [0x00000000a1c00000, 0x00000000a5c00000, 0x00000000e0980000)
  object space 65536K, 62% used [0x00000000a1c00000,0x00000000a43e0b68,0x00000000a5c00000)
 Metaspace       used 21677K, capacity 22204K, committed 22400K, reserved 1069056K
  class space    used 2458K, capacity 2618K, committed 2688K, reserved 1048576K
GC Heap History (10 events):
Event: 3.898 GC heap before
{Heap before GC invocations=5 (full 0):
 PSYoungGen      total 53248K, used 53232K [0x00000000e0980000, 0x00000000e4180000, 0x0000000100000000)
  eden space 49152K, 100% used [0x00000000e0980000,0x00000000e3980000,0x00000000e3980000)
  from space 4096K, 99% used [0x00000000e3d80000,0x00000000e417c030,0x00000000e4180000)
  to   space 4096K, 0% used [0x00000000e3980000,0x00000000e3980000,0x00000000e3d80000)
 ParOldGen       total 65536K, used 4260K [0x00000000a1c00000, 0x00000000a5c00000, 0x00000000e0980000)
  object space 65536K, 6% used [0x00000000a1c00000,0x00000000a2029220,0x00000000a5c00000)
 Metaspace       used 12953K, capacity 13276K, committed 13440K, reserved 1060864K
  class space    used 1534K, capacity 1622K, committed 1664K, reserved 1048576K
Event: 3.910 GC heap after
Heap after GC invocations=5 (full 0):
 PSYoungGen      total 53248K, used 4096K [0x00000000e0980000, 0x00000000e7880000, 0x0000000100000000)
  eden space 49152K, 0% used [0x00000000e0980000,0x00000000e0980000,0x00000000e3980000)
  from space 4096K, 100% used [0x00000000e3980000,0x00000000e3d80000,0x00000000e3d80000)
  to   space 7680K, 0% used [0x00000000e7100000,0x00000000e7100000,0x00000000e7880000)
 ParOldGen       total 65536K, used 6650K [0x00000000a1c00000, 0x00000000a5c00000, 0x00000000e0980000)
  object space 65536K, 10% used [0x00000000a1c00000,0x00000000a227e880,0x00000000a5c00000)
 Metaspace       used 12953K, capacity 13276K, committed 13440K, reserved 1060864K
  class space    used 1534K, capacity 1622K, committed 1664K, reserved 1048576K
}
Event: 4.697 GC heap before
{Heap before GC invocations=6 (full 0):
 PSYoungGen      total 53248K, used 53248K [0x00000000e0980000, 0x00000000e7880000, 0x0000000100000000)
  eden space 49152K, 100% used [0x00000000e0980000,0x00000000e3980000,0x00000000e3980000)
  from space 4096K, 100% used [0x00000000e3980000,0x00000000e3d80000,0x00000000e3d80000)
  to   space 7680K, 0% used [0x00000000e7100000,0x00000000e7100000,0x00000000e7880000)
 ParOldGen       total 65536K, used 6650K [0x00000000a1c00000, 0x00000000a5c00000, 0x00000000e0980000)
  object space 65536K, 10% used [0x00000000a1c00000,0x00000000a227e880,0x00000000a5c00000)
 Metaspace       used 13379K, capacity 13780K, committed 13952K, reserved 1060864K
  class space    used 1558K, capacity 1662K, committed 1664K, reserved 1048576K
Event: 4.713 GC heap after
Heap after GC invocations=6 (full 0):
 PSYoungGen      total 105984K, used 6176K [0x00000000e0980000, 0x00000000e7880000, 0x0000000100000000)
  eden space 98304K, 0% used [0x00000000e0980000,0x00000000e0980000,0x00000000e6980000)
  from space 7680K, 80% used [0x00000000e7100000,0x00000000e7708020,0x00000000e7880000)
  to   space 7680K, 0% used [0x00000000e6980000,0x00000000e6980000,0x00000000e7100000)
 ParOldGen       total 65536K, used 6658K [0x00000000a1c00000, 0x00000000a5c00000, 0x00000000e0980000)
  object space 65536K, 10% used [0x00000000a1c00000,0x00000000a2280880,0x00000000a5c00000)
 Metaspace       used 13379K, capacity 13780K, committed 13952K, reserved 1060864K
  class space    used 1558K, capacity 1662K, committed 1664K, reserved 1048576K
}
Event: 12.727 GC heap before
{Heap before GC invocations=7 (full 0):
 PSYoungGen      total 105984K, used 104480K [0x00000000e0980000, 0x00000000e7880000, 0x0000000100000000)
  eden space 98304K, 100% used [0x00000000e0980000,0x00000000e6980000,0x00000000e6980000)
  from space 7680K, 80% used [0x00000000e7100000,0x00000000e7708020,0x00000000e7880000)
  to   space 7680K, 0% used [0x00000000e6980000,0x00000000e6980000,0x00000000e7100000)
 ParOldGen       total 65536K, used 6658K [0x00000000a1c00000, 0x00000000a5c00000, 0x00000000e0980000)
  object space 65536K, 10% used [0x00000000a1c00000,0x00000000a2280880,0x00000000a5c00000)
 Metaspace       used 19459K, capacity 19956K, committed 20096K, reserved 1067008K
  class space    used 2300K, capacity 2422K, committed 2432K, reserved 1048576K
Event: 12.763 GC heap after
Heap after GC invocations=7 (full 0):
 PSYoungGen      total 105984K, used 7654K [0x00000000e0980000, 0x00000000e7880000, 0x0000000100000000)
  eden space 98304K, 0% used [0x00000000e0980000,0x00000000e0980000,0x00000000e6980000)
  from space 7680K, 99% used [0x00000000e6980000,0x00000000e70f9ab8,0x00000000e7100000)
  to   space 7680K, 0% used [0x00000000e7100000,0x00000000e7100000,0x00000000e7880000)
 ParOldGen       total 65536K, used 15131K [0x00000000a1c00000, 0x00000000a5c00000, 0x00000000e0980000)
  object space 65536K, 23% used [0x00000000a1c00000,0x00000000a2ac6f70,0x00000000a5c00000)
 Metaspace       used 19459K, capacity 19956K, committed 20096K, reserved 1067008K
  class space    used 2300K, capacity 2422K, committed 2432K, reserved 1048576K
}
Event: 25.076 GC heap before
{Heap before GC invocations=8 (full 0):
 PSYoungGen      total 105984K, used 95449K [0x00000000e0980000, 0x00000000e7880000, 0x0000000100000000)
  eden space 98304K, 89% used [0x00000000e0980000,0x00000000e5f3cd00,0x00000000e6980000)
  from space 7680K, 99% used [0x00000000e6980000,0x00000000e70f9ab8,0x00000000e7100000)
  to   space 7680K, 0% used [0x00000000e7100000,0x00000000e7100000,0x00000000e7880000)
 ParOldGen       total 65536K, used 15131K [0x00000000a1c00000, 0x00000000a5c00000, 0x00000000e0980000)
  object space 65536K, 23% used [0x00000000a1c00000,0x00000000a2ac6f70,0x00000000a5c00000)
 Metaspace       used 20665K, capacity 21148K, committed 21248K, reserved 1069056K
  class space    used 2373K, capacity 2522K, committed 2560K, reserved 1048576K
Event: 25.120 GC heap after
Heap after GC invocations=8 (full 0):
 PSYoungGen      total 88576K, used 7658K [0x00000000e0980000, 0x00000000e9700000, 0x0000000100000000)
  eden space 80896K, 0% used [0x00000000e0980000,0x00000000e0980000,0x00000000e5880000)
  from space 7680K, 99% used [0x00000000e7100000,0x00000000e787a980,0x00000000e7880000)
  to   space 25088K, 0% used [0x00000000e5880000,0x00000000e5880000,0x00000000e7100000)
 ParOldGen       total 65536K, used 43818K [0x00000000a1c00000, 0x00000000a5c00000, 0x00000000e0980000)
  object space 65536K, 66% used [0x00000000a1c00000,0x00000000a46caaa0,0x00000000a5c00000)
 Metaspace       used 20665K, capacity 21148K, committed 21248K, reserved 1069056K
  class space    used 2373K, capacity 2522K, committed 2560K, reserved 1048576K
}
Event: 25.120 GC heap before
{Heap before GC invocations=9 (full 1):
 PSYoungGen      total 88576K, used 7658K [0x00000000e0980000, 0x00000000e9700000, 0x0000000100000000)
  eden space 80896K, 0% used [0x00000000e0980000,0x00000000e0980000,0x00000000e5880000)
  from space 7680K, 99% used [0x00000000e7100000,0x00000000e787a980,0x00000000e7880000)
  to   space 25088K, 0% used [0x00000000e5880000,0x00000000e5880000,0x00000000e7100000)
 ParOldGen       total 65536K, used 43818K [0x00000000a1c00000, 0x00000000a5c00000, 0x00000000e0980000)
  object space 65536K, 66% used [0x00000000a1c00000,0x00000000a46caaa0,0x00000000a5c00000)
 Metaspace       used 20665K, capacity 21148K, committed 21248K, reserved 1069056K
  class space    used 2373K, capacity 2522K, committed 2560K, reserved 1048576K
Event: 25.402 GC heap after
Heap after GC invocations=9 (full 1):
 PSYoungGen      total 88576K, used 0K [0x00000000e0980000, 0x00000000e9700000, 0x0000000100000000)
  eden space 80896K, 0% used [0x00000000e0980000,0x00000000e0980000,0x00000000e5880000)
  from space 7680K, 0% used [0x00000000e7100000,0x00000000e7100000,0x00000000e7880000)
  to   space 25088K, 0% used [0x00000000e5880000,0x00000000e5880000,0x00000000e7100000)
 ParOldGen       total 65536K, used 40834K [0x00000000a1c00000, 0x00000000a5c00000, 0x00000000e0980000)
  object space 65536K, 62% used [0x00000000a1c00000,0x00000000a43e0b68,0x00000000a5c00000)
 Metaspace       used 20665K, capacity 21148K, committed 21248K, reserved 1069056K
  class space    used 2373K, capacity 2522K, committed 2560K, reserved 1048576K
}

