# JRE version: Java(TM) SE Runtime Environment (8.0_60-b27) (build 1.8.0_60-b27)
# Java VM: Java HotSpot(TM) 64-Bit Server VM (25.60-b23 mixed mode windows-amd64 compressed oops)
Heap:
 PSYoungGen      total 105984K, used 9626K [0x00000000e0980000, 0x00000000ee280000, 0x0000000100000000)
  eden space 98304K, 1% used [0x00000000e0980000,0x00000000e0b69958,0x00000000e6980000)
  from space 7680K, 99% used [0x00000000e6980000,0x00000000e70fd030,0x00000000e7100000)
  to   space 12800K, 0% used [0x00000000ed600000,0x00000000ed600000,0x00000000ee280000)
 ParOldGen       total 65536K, used 14647K [0x00000000a1c00000, 0x00000000a5c00000, 0x00000000e0980000)
  object space 65536K, 22% used [0x00000000a1c00000,0x00000000a2a4ddc8,0x00000000a5c00000)
 Metaspace       used 19300K, capacity 19760K, committed 19840K, reserved 1067008K
  class space    used 2296K, capacity 2422K, committed 2432K, reserved 1048576K
GC Heap History (10 events):
Event: 1.507 GC heap before
{Heap before GC invocations=3 (full 0):
 PSYoungGen      total 28672K, used 28649K [0x00000000e0980000, 0x00000000e4180000, 0x0000000100000000)
  eden space 24576K, 100% used [0x00000000e0980000,0x00000000e2180000,0x00000000e2180000)
  from space 4096K, 99% used [0x00000000e2580000,0x00000000e297a6e8,0x00000000e2980000)
  to   space 4096K, 0% used [0x00000000e2180000,0x00000000e2180000,0x00000000e2580000)
 ParOldGen       total 65536K, used 573K [0x00000000a1c00000, 0x00000000a5c00000, 0x00000000e0980000)
  object space 65536K, 0% used [0x00000000a1c00000,0x00000000a1c8f7d0,0x00000000a5c00000)
 Metaspace       used 12198K, capacity 12460K, committed 12672K, reserved 1060864K
  class space    used 1493K, capacity 1550K, committed 1664K, reserved 1048576K
Event: 1.518 GC heap after
Heap after GC invocations=3 (full 0):
 PSYoungGen      total 28672K, used 4096K [0x00000000e0980000, 0x00000000e4180000, 0x0000000100000000)
  eden space 24576K, 0% used [0x00000000e0980000,0x00000000e0980000,0x00000000e2180000)
  from space 4096K, 100% used [0x00000000e2180000,0x00000000e2580000,0x00000000e2580000)
  to   space 4096K, 0% used [0x00000000e3d80000,0x00000000e3d80000,0x00000000e4180000)
 ParOldGen       total 65536K, used 2715K [0x00000000a1c00000, 0x00000000a5c00000, 0x00000000e0980000)
  object space 65536K, 4% used [0x00000000a1c00000,0x00000000a1ea6c70,0x00000000a5c00000)
 Metaspace       used 12198K, capacity 12460K, committed 12672K, reserved 1060864K
  class space    used 1493K, capacity 1550K, committed 1664K, reserved 1048576K
}
Event: 2.054 GC heap before
{Heap before GC invocations=4 (full 0):
 PSYoungGen      total 28672K, used 28672K [0x00000000e0980000, 0x00000000e4180000, 0x0000000100000000)
  eden space 24576K, 100% used [0x00000000e0980000,0x00000000e2180000,0x00000000e2180000)
  from space 4096K, 100% used [0x00000000e2180000,0x00000000e2580000,0x00000000e2580000)
  to   space 4096K, 0% used [0x00000000e3d80000,0x00000000e3d80000,0x00000000e4180000)
 ParOldGen       total 65536K, used 2715K [0x00000000a1c00000, 0x00000000a5c00000, 0x00000000e0980000)
  object space 65536K, 4% used [0x00000000a1c00000,0x00000000a1ea6c70,0x00000000a5c00000)
 Metaspace       used 12544K, capacity 12848K, committed 13184K, reserved 1060864K
  class space    used 1517K, capacity 1588K, committed 1664K, reserved 1048576K
Event: 2.068 GC heap after
Heap after GC invocations=4 (full 0):
 PSYoungGen      total 53248K, used 4064K [0x00000000e0980000, 0x00000000e4180000, 0x0000000100000000)
  eden space 49152K, 0% used [0x00000000e0980000,0x00000000e0980000,0x00000000e3980000)
  from space 4096K, 99% used [0x00000000e3d80000,0x00000000e4178020,0x00000000e4180000)
  to   space 4096K, 0% used [0x00000000e3980000,0x00000000e3980000,0x00000000e3d80000)
 ParOldGen       total 65536K, used 4201K [0x00000000a1c00000, 0x00000000a5c00000, 0x00000000e0980000)
  object space 65536K, 6% used [0x00000000a1c00000,0x00000000a201a5b0,0x00000000a5c00000)
 Metaspace       used 12544K, capacity 12848K, committed 13184K, reserved 1060864K
  class space    used 1517K, capacity 1588K, committed 1664K, reserved 1048576K
}
Event: 3.417 GC heap before
{Heap before GC invocations=5 (full 0):
 PSYoungGen      total 53248K, used 53216K [0x00000000e0980000, 0x00000000e4180000, 0x0000000100000000)
  eden space 49152K, 100% used [0x00000000e0980000,0x00000000e3980000,0x00000000e3980000)
  from space 4096K, 99% used [0x00000000e3d80000,0x00000000e4178020,0x00000000e4180000)
  to   space 4096K, 0% used [0x00000000e3980000,0x00000000e3980000,0x00000000e3d80000)
 ParOldGen       total 65536K, used 4201K [0x00000000a1c00000, 0x00000000a5c00000, 0x00000000e0980000)
  object space 65536K, 6% used [0x00000000a1c00000,0x00000000a201a5b0,0x00000000a5c00000)
 Metaspace       used 12942K, capacity 13276K, committed 13440K, reserved 1060864K
  class space    used 1534K, capacity 1622K, committed 1664K, reserved 1048576K
Event: 3.430 GC heap after
Heap after GC invocations=5 (full 0):
 PSYoungGen      total 53248K, used 4064K [0x00000000e0980000, 0x00000000e7880000, 0x0000000100000000)
  eden space 49152K, 0% used [0x00000000e0980000,0x00000000e0980000,0x00000000e3980000)
  from space 4096K, 99% used [0x00000000e3980000,0x00000000e3d78020,0x00000000e3d80000)
  to   space 7680K, 0% used [0x00000000e7100000,0x00000000e7100000,0x00000000e7880000)
 ParOldGen       total 65536K, used 6525K [0x00000000a1c00000, 0x00000000a5c00000, 0x00000000e0980000)
  object space 65536K, 9% used [0x00000000a1c00000,0x00000000a225f6a8,0x00000000a5c00000)
 Metaspace       used 12942K, capacity 13276K, committed 13440K, reserved 1060864K
  class space    used 1534K, capacity 1622K, committed 1664K, reserved 1048576K
}
Event: 4.517 GC heap before
{Heap before GC invocations=6 (full 0):
 PSYoungGen      total 53248K, used 53216K [0x00000000e0980000, 0x00000000e7880000, 0x0000000100000000)
  eden space 49152K, 100% used [0x00000000e0980000,0x00000000e3980000,0x00000000e3980000)
  from space 4096K, 99% used [0x00000000e3980000,0x00000000e3d78020,0x00000000e3d80000)
  to   space 7680K, 0% used [0x00000000e7100000,0x00000000e7100000,0x00000000e7880000)
 ParOldGen       total 65536K, used 6525K [0x00000000a1c00000, 0x00000000a5c00000, 0x00000000e0980000)
  object space 65536K, 9% used [0x00000000a1c00000,0x00000000a225f6a8,0x00000000a5c00000)
 Metaspace       used 13317K, capacity 13716K, committed 13952K, reserved 1060864K
  class space    used 1552K, capacity 1662K, committed 1664K, reserved 1048576K
Event: 4.527 GC heap after
Heap after GC invocations=6 (full 0):
 PSYoungGen      total 105984K, used 6016K [0x00000000e0980000, 0x00000000e7880000, 0x0000000100000000)
  eden space 98304K, 0% used [0x00000000e0980000,0x00000000e0980000,0x00000000e6980000)
  from space 7680K, 78% used [0x00000000e7100000,0x00000000e76e0000,0x00000000e7880000)
  to   space 7680K, 0% used [0x00000000e6980000,0x00000000e6980000,0x00000000e7100000)
 ParOldGen       total 65536K, used 6533K [0x00000000a1c00000, 0x00000000a5c00000, 0x00000000e0980000)
  object space 65536K, 9% used [0x00000000a1c00000,0x00000000a22616a8,0x00000000a5c00000)
 Metaspace       used 13317K, capacity 13716K, committed 13952K, reserved 1060864K
  class space    used 1552K, capacity 1662K, committed 1664K, reserved 1048576K
}
Event: 13.605 GC heap before
{Heap before GC invocations=7 (full 0):
 PSYoungGen      total 105984K, used 104320K [0x00000000e0980000, 0x00000000e7880000, 0x0000000100000000)
  eden space 98304K, 100% used [0x00000000e0980000,0x00000000e6980000,0x00000000e6980000)
  from space 7680K, 78% used [0x00000000e7100000,0x00000000e76e0000,0x00000000e7880000)
  to   space 7680K, 0% used [0x00000000e6980000,0x00000000e6980000,0x00000000e7100000)
 ParOldGen       total 65536K, used 6533K [0x00000000a1c00000, 0x00000000a5c00000, 0x00000000e0980000)
  object space 65536K, 9% used [0x00000000a1c00000,0x00000000a22616a8,0x00000000a5c00000)
 Metaspace       used 19297K, capacity 19760K, committed 19840K, reserved 1067008K
  class space    used 2296K, capacity 2422K, committed 2432K, reserved 1048576K
Event: 13.630 GC heap after
Heap after GC invocations=7 (full 0):
 PSYoungGen      total 105984K, used 7668K [0x00000000e0980000, 0x00000000ee280000, 0x0000000100000000)
  eden space 98304K, 0% used [0x00000000e0980000,0x00000000e0980000,0x00000000e6980000)
  from space 7680K, 99% used [0x00000000e6980000,0x00000000e70fd030,0x00000000e7100000)
  to   space 12800K, 0% used [0x00000000ed600000,0x00000000ed600000,0x00000000ee280000)
 ParOldGen       total 65536K, used 14647K [0x00000000a1c00000, 0x00000000a5c00000, 0x00000000e0980000)
  object space 65536K, 22% used [0x00000000a1c00000,0x00000000a2a4ddc8,0x00000000a5c00000)
 Metaspace       used 19297K, capacity 19760K, committed 19840K, reserved 1067008K
  class space    used 2296K, capacity 2422K, committed 2432K, reserved 1048576K
}

