# JRE version: Java(TM) SE Runtime Environment (8.0_60-b27) (build 1.8.0_60-b27)
# Java VM: Java HotSpot(TM) 64-Bit Server VM (25.60-b23 mixed mode windows-amd64 compressed oops)
Heap:
 PSYoungGen      total 209408K, used 108650K [0x00000000e0980000, 0x00000000f3580000, 0x0000000100000000)
  eden space 184320K, 45% used [0x00000000e0980000,0x00000000e5b1c8c0,0x00000000ebd80000)
  from space 25088K, 99% used [0x00000000ebd80000,0x00000000ed5fe328,0x00000000ed600000)
  to   space 33280K, 0% used [0x00000000f1500000,0x00000000f1500000,0x00000000f3580000)
 ParOldGen       total 92672K, used 49766K [0x00000000a1c00000, 0x00000000a7680000, 0x00000000e0980000)
  object space 92672K, 53% used [0x00000000a1c00000,0x00000000a4c99b20,0x00000000a7680000)
 Metaspace       used 28935K, capacity 29634K, committed 29824K, reserved 1075200K
  class space    used 3168K, capacity 3406K, committed 3456K, reserved 1048576K
GC Heap History (10 events):
Event: 3.865 GC heap before
{Heap before GC invocations=6 (full 0):
 PSYoungGen      total 53248K, used 53216K [0x00000000e0980000, 0x00000000e7880000, 0x0000000100000000)
  eden space 49152K, 100% used [0x00000000e0980000,0x00000000e3980000,0x00000000e3980000)
  from space 4096K, 99% used [0x00000000e3980000,0x00000000e3d78020,0x00000000e3d80000)
  to   space 7680K, 0% used [0x00000000e7100000,0x00000000e7100000,0x00000000e7880000)
 ParOldGen       total 65536K, used 6464K [0x00000000a1c00000, 0x00000000a5c00000, 0x00000000e0980000)
  object space 65536K, 9% used [0x00000000a1c00000,0x00000000a2250000,0x00000000a5c00000)
 Metaspace       used 13287K, capacity 13618K, committed 13696K, reserved 1060864K
  class space    used 1547K, capacity 1628K, committed 1664K, reserved 1048576K
Event: 3.883 GC heap after
Heap after GC invocations=6 (full 0):
 PSYoungGen      total 105984K, used 6080K [0x00000000e0980000, 0x00000000e7880000, 0x0000000100000000)
  eden space 98304K, 0% used [0x00000000e0980000,0x00000000e0980000,0x00000000e6980000)
  from space 7680K, 79% used [0x00000000e7100000,0x00000000e76f0020,0x00000000e7880000)
  to   space 7680K, 0% used [0x00000000e6980000,0x00000000e6980000,0x00000000e7100000)
 ParOldGen       total 65536K, used 6464K [0x00000000a1c00000, 0x00000000a5c00000, 0x00000000e0980000)
  object space 65536K, 9% used [0x00000000a1c00000,0x00000000a2250000,0x00000000a5c00000)
 Metaspace       used 13287K, capacity 13618K, committed 13696K, reserved 1060864K
  class space    used 1547K, capacity 1628K, committed 1664K, reserved 1048576K
}
Event: 8.598 GC heap before
{Heap before GC invocations=7 (full 0):
 PSYoungGen      total 105984K, used 104384K [0x00000000e0980000, 0x00000000e7880000, 0x0000000100000000)
  eden space 98304K, 100% used [0x00000000e0980000,0x00000000e6980000,0x00000000e6980000)
  from space 7680K, 79% used [0x00000000e7100000,0x00000000e76f0020,0x00000000e7880000)
  to   space 7680K, 0% used [0x00000000e6980000,0x00000000e6980000,0x00000000e7100000)
 ParOldGen       total 65536K, used 6464K [0x00000000a1c00000, 0x00000000a5c00000, 0x00000000e0980000)
  object space 65536K, 9% used [0x00000000a1c00000,0x00000000a2250000,0x00000000a5c00000)
 Metaspace       used 19234K, capacity 19760K, committed 19840K, reserved 1067008K
  class space    used 2290K, capacity 2422K, committed 2432K, reserved 1048576K
Event: 8.643 GC heap after
Heap after GC invocations=7 (full 0):
 PSYoungGen      total 105984K, used 7654K [0x00000000e0980000, 0x00000000ee280000, 0x0000000100000000)
  eden space 98304K, 0% used [0x00000000e0980000,0x00000000e0980000,0x00000000e6980000)
  from space 7680K, 99% used [0x00000000e6980000,0x00000000e70f98b8,0x00000000e7100000)
  to   space 12800K, 0% used [0x00000000ed600000,0x00000000ed600000,0x00000000ee280000)
 ParOldGen       total 65536K, used 14879K [0x00000000a1c00000, 0x00000000a5c00000, 0x00000000e0980000)
  object space 65536K, 22% used [0x00000000a1c00000,0x00000000a2a87c68,0x00000000a5c00000)
 Metaspace       used 19234K, capacity 19760K, committed 19840K, reserved 1067008K
  class space    used 2290K, capacity 2422K, committed 2432K, reserved 1048576K
}
Event: 10.078 GC heap before
{Heap before GC invocations=8 (full 0):
 PSYoungGen      total 105984K, used 95641K [0x00000000e0980000, 0x00000000ee280000, 0x0000000100000000)
  eden space 98304K, 89% used [0x00000000e0980000,0x00000000e5f6cbf8,0x00000000e6980000)
  from space 7680K, 99% used [0x00000000e6980000,0x00000000e70f98b8,0x00000000e7100000)
  to   space 12800K, 0% used [0x00000000ed600000,0x00000000ed600000,0x00000000ee280000)
 ParOldGen       total 65536K, used 14879K [0x00000000a1c00000, 0x00000000a5c00000, 0x00000000e0980000)
  object space 65536K, 22% used [0x00000000a1c00000,0x00000000a2a87c68,0x00000000a5c00000)
 Metaspace       used 20717K, capacity 21208K, committed 21248K, reserved 1069056K
  class space    used 2375K, capacity 2522K, committed 2560K, reserved 1048576K
Event: 10.178 GC heap after
Heap after GC invocations=8 (full 0):
 PSYoungGen      total 197120K, used 12796K [0x00000000e0980000, 0x00000000efa80000, 0x0000000100000000)
  eden space 184320K, 0% used [0x00000000e0980000,0x00000000e0980000,0x00000000ebd80000)
  from space 12800K, 99% used [0x00000000ed600000,0x00000000ee27f278,0x00000000ee280000)
  to   space 25088K, 0% used [0x00000000ebd80000,0x00000000ebd80000,0x00000000ed600000)
 ParOldGen       total 65536K, used 38847K [0x00000000a1c00000, 0x00000000a5c00000, 0x00000000e0980000)
  object space 65536K, 59% used [0x00000000a1c00000,0x00000000a41efcb0,0x00000000a5c00000)
 Metaspace       used 20717K, capacity 21208K, committed 21248K, reserved 1069056K
  class space    used 2375K, capacity 2522K, committed 2560K, reserved 1048576K
}
Event: 10.178 GC heap before
{Heap before GC invocations=9 (full 1):
 PSYoungGen      total 197120K, used 12796K [0x00000000e0980000, 0x00000000efa80000, 0x0000000100000000)
  eden space 184320K, 0% used [0x00000000e0980000,0x00000000e0980000,0x00000000ebd80000)
  from space 12800K, 99% used [0x00000000ed600000,0x00000000ee27f278,0x00000000ee280000)
  to   space 25088K, 0% used [0x00000000ebd80000,0x00000000ebd80000,0x00000000ed600000)
 ParOldGen       total 65536K, used 38847K [0x00000000a1c00000, 0x00000000a5c00000, 0x00000000e0980000)
  object space 65536K, 59% used [0x00000000a1c00000,0x00000000a41efcb0,0x00000000a5c00000)
 Metaspace       used 20717K, capacity 21208K, committed 21248K, reserved 1069056K
  class space    used 2375K, capacity 2522K, committed 2560K, reserved 1048576K
Event: 10.447 GC heap after
Heap after GC invocations=9 (full 1):
 PSYoungGen      total 197120K, used 0K [0x00000000e0980000, 0x00000000efa80000, 0x0000000100000000)
  eden space 184320K, 0% used [0x00000000e0980000,0x00000000e0980000,0x00000000ebd80000)
  from space 12800K, 0% used [0x00000000ed600000,0x00000000ed600000,0x00000000ee280000)
  to   space 25088K, 0% used [0x00000000ebd80000,0x00000000ebd80000,0x00000000ed600000)
 ParOldGen       total 92672K, used 40685K [0x00000000a1c00000, 0x00000000a7680000, 0x00000000e0980000)
  object space 92672K, 43% used [0x00000000a1c00000,0x00000000a43bb7f0,0x00000000a7680000)
 Metaspace       used 20717K, capacity 21208K, committed 21248K, reserved 1069056K
  class space    used 2375K, capacity 2522K, committed 2560K, reserved 1048576K
}
Event: 13.622 GC heap before
{Heap before GC invocations=10 (full 1):
 PSYoungGen      total 197120K, used 184320K [0x00000000e0980000, 0x00000000efa80000, 0x0000000100000000)
  eden space 184320K, 100% used [0x00000000e0980000,0x00000000ebd80000,0x00000000ebd80000)
  from space 12800K, 0% used [0x00000000ed600000,0x00000000ed600000,0x00000000ee280000)
  to   space 25088K, 0% used [0x00000000ebd80000,0x00000000ebd80000,0x00000000ed600000)
 ParOldGen       total 92672K, used 40685K [0x00000000a1c00000, 0x00000000a7680000, 0x00000000e0980000)
  object space 92672K, 43% used [0x00000000a1c00000,0x00000000a43bb7f0,0x00000000a7680000)
 Metaspace       used 25113K, capacity 25694K, committed 25984K, reserved 1073152K
  class space    used 2724K, capacity 2907K, committed 2944K, reserved 1048576K
Event: 13.689 GC heap after
Heap after GC invocations=10 (full 1):
 PSYoungGen      total 209408K, used 25080K [0x00000000e0980000, 0x00000000f3580000, 0x0000000100000000)
  eden space 184320K, 0% used [0x00000000e0980000,0x00000000e0980000,0x00000000ebd80000)
  from space 25088K, 99% used [0x00000000ebd80000,0x00000000ed5fe328,0x00000000ed600000)
  to   space 33280K, 0% used [0x00000000f1500000,0x00000000f1500000,0x00000000f3580000)
 ParOldGen       total 92672K, used 49766K [0x00000000a1c00000, 0x00000000a7680000, 0x00000000e0980000)
  object space 92672K, 53% used [0x00000000a1c00000,0x00000000a4c99b20,0x00000000a7680000)
 Metaspace       used 25113K, capacity 25694K, committed 25984K, reserved 1073152K
  class space    used 2724K, capacity 2907K, committed 2944K, reserved 1048576K
}

