# JRE version: Java(TM) SE Runtime Environment (8.0_60-b27) (build 1.8.0_60-b27)
# Java VM: Java HotSpot(TM) 64-Bit Server VM (25.60-b23 mixed mode windows-amd64 compressed oops)
Heap:
 PSYoungGen      total 112128K, used 1869K [0x00000000e0980000, 0x00000000ec200000, 0x0000000100000000)
  eden space 93696K, 1% used [0x00000000e0980000,0x00000000e0b537f8,0x00000000e6500000)
  from space 18432K, 0% used [0x00000000e7780000,0x00000000e7780000,0x00000000e8980000)
  to   space 18944K, 0% used [0x00000000e6500000,0x00000000e6500000,0x00000000e7780000)
 ParOldGen       total 89088K, used 40819K [0x00000000a1c00000, 0x00000000a7300000, 0x00000000e0980000)
  object space 89088K, 45% used [0x00000000a1c00000,0x00000000a43dce58,0x00000000a7300000)
 Metaspace       used 21183K, capacity 21752K, committed 21760K, reserved 1069056K
  class space    used 2404K, capacity 2554K, committed 2560K, reserved 1048576K
GC Heap History (10 events):
Event: 6.333 GC heap before
{Heap before GC invocations=7 (full 0):
 PSYoungGen      total 55808K, used 54592K [0x00000000e0980000, 0x00000000e4680000, 0x0000000100000000)
  eden space 49152K, 100% used [0x00000000e0980000,0x00000000e3980000,0x00000000e3980000)
  from space 6656K, 81% used [0x00000000e4000000,0x00000000e4550000,0x00000000e4680000)
  to   space 6656K, 0% used [0x00000000e3980000,0x00000000e3980000,0x00000000e4000000)
 ParOldGen       total 65536K, used 5227K [0x00000000a1c00000, 0x00000000a5c00000, 0x00000000e0980000)
  object space 65536K, 7% used [0x00000000a1c00000,0x00000000a211ad20,0x00000000a5c00000)
 Metaspace       used 13424K, capacity 13780K, committed 13952K, reserved 1060864K
  class space    used 1566K, capacity 1662K, committed 1664K, reserved 1048576K
Event: 6.349 GC heap after
Heap after GC invocations=7 (full 0):
 PSYoungGen      total 55808K, used 5584K [0x00000000e0980000, 0x00000000e7680000, 0x0000000100000000)
  eden space 49152K, 0% used [0x00000000e0980000,0x00000000e0980000,0x00000000e3980000)
  from space 6656K, 83% used [0x00000000e3980000,0x00000000e3ef4010,0x00000000e4000000)
  to   space 6656K, 0% used [0x00000000e7000000,0x00000000e7000000,0x00000000e7680000)
 ParOldGen       total 65536K, used 7011K [0x00000000a1c00000, 0x00000000a5c00000, 0x00000000e0980000)
  object space 65536K, 10% used [0x00000000a1c00000,0x00000000a22d8d70,0x00000000a5c00000)
 Metaspace       used 13424K, capacity 13780K, committed 13952K, reserved 1060864K
  class space    used 1566K, capacity 1662K, committed 1664K, reserved 1048576K
}
Event: 10.934 GC heap before
{Heap before GC invocations=8 (full 0):
 PSYoungGen      total 55808K, used 54736K [0x00000000e0980000, 0x00000000e7680000, 0x0000000100000000)
  eden space 49152K, 100% used [0x00000000e0980000,0x00000000e3980000,0x00000000e3980000)
  from space 6656K, 83% used [0x00000000e3980000,0x00000000e3ef4010,0x00000000e4000000)
  to   space 6656K, 0% used [0x00000000e7000000,0x00000000e7000000,0x00000000e7680000)
 ParOldGen       total 65536K, used 7011K [0x00000000a1c00000, 0x00000000a5c00000, 0x00000000e0980000)
  object space 65536K, 10% used [0x00000000a1c00000,0x00000000a22d8d70,0x00000000a5c00000)
 Metaspace       used 14586K, capacity 15036K, committed 15232K, reserved 1062912K
  class space    used 1681K, capacity 1806K, committed 1920K, reserved 1048576K
Event: 10.963 GC heap after
Heap after GC invocations=8 (full 0):
 PSYoungGen      total 104448K, used 6287K [0x00000000e0980000, 0x00000000e7780000, 0x0000000100000000)
  eden space 97792K, 0% used [0x00000000e0980000,0x00000000e0980000,0x00000000e6900000)
  from space 6656K, 94% used [0x00000000e7000000,0x00000000e7623f78,0x00000000e7680000)
  to   space 7168K, 0% used [0x00000000e6900000,0x00000000e6900000,0x00000000e7000000)
 ParOldGen       total 65536K, used 8821K [0x00000000a1c00000, 0x00000000a5c00000, 0x00000000e0980000)
  object space 65536K, 13% used [0x00000000a1c00000,0x00000000a249d5a0,0x00000000a5c00000)
 Metaspace       used 14586K, capacity 15036K, committed 15232K, reserved 1062912K
  class space    used 1681K, capacity 1806K, committed 1920K, reserved 1048576K
}
Event: 26.494 GC heap before
{Heap before GC invocations=9 (full 0):
 PSYoungGen      total 104448K, used 104079K [0x00000000e0980000, 0x00000000e7780000, 0x0000000100000000)
  eden space 97792K, 100% used [0x00000000e0980000,0x00000000e6900000,0x00000000e6900000)
  from space 6656K, 94% used [0x00000000e7000000,0x00000000e7623f78,0x00000000e7680000)
  to   space 7168K, 0% used [0x00000000e6900000,0x00000000e6900000,0x00000000e7000000)
 ParOldGen       total 65536K, used 8821K [0x00000000a1c00000, 0x00000000a5c00000, 0x00000000e0980000)
  object space 65536K, 13% used [0x00000000a1c00000,0x00000000a249d5a0,0x00000000a5c00000)
 Metaspace       used 19796K, capacity 20208K, committed 20352K, reserved 1067008K
  class space    used 2311K, capacity 2422K, committed 2432K, reserved 1048576K
Event: 26.550 GC heap after
Heap after GC invocations=9 (full 0):
 PSYoungGen      total 101376K, used 7145K [0x00000000e0980000, 0x00000000e8980000, 0x0000000100000000)
  eden space 94208K, 0% used [0x00000000e0980000,0x00000000e0980000,0x00000000e6580000)
  from space 7168K, 99% used [0x00000000e6900000,0x00000000e6ffa660,0x00000000e7000000)
  to   space 18432K, 0% used [0x00000000e7780000,0x00000000e7780000,0x00000000e8980000)
 ParOldGen       total 65536K, used 35349K [0x00000000a1c00000, 0x00000000a5c00000, 0x00000000e0980000)
  object space 65536K, 53% used [0x00000000a1c00000,0x00000000a3e857b0,0x00000000a5c00000)
 Metaspace       used 19796K, capacity 20208K, committed 20352K, reserved 1067008K
  class space    used 2311K, capacity 2422K, committed 2432K, reserved 1048576K
}
Event: 27.895 GC heap before
{Heap before GC invocations=10 (full 0):
 PSYoungGen      total 101376K, used 44465K [0x00000000e0980000, 0x00000000e8980000, 0x0000000100000000)
  eden space 94208K, 39% used [0x00000000e0980000,0x00000000e2df1fd0,0x00000000e6580000)
  from space 7168K, 99% used [0x00000000e6900000,0x00000000e6ffa660,0x00000000e7000000)
  to   space 18432K, 0% used [0x00000000e7780000,0x00000000e7780000,0x00000000e8980000)
 ParOldGen       total 65536K, used 35349K [0x00000000a1c00000, 0x00000000a5c00000, 0x00000000e0980000)
  object space 65536K, 53% used [0x00000000a1c00000,0x00000000a3e857b0,0x00000000a5c00000)
 Metaspace       used 20697K, capacity 21208K, committed 21248K, reserved 1069056K
  class space    used 2373K, capacity 2522K, committed 2560K, reserved 1048576K
Event: 27.938 GC heap after
Heap after GC invocations=10 (full 0):
 PSYoungGen      total 112128K, used 11923K [0x00000000e0980000, 0x00000000ec200000, 0x0000000100000000)
  eden space 93696K, 0% used [0x00000000e0980000,0x00000000e0980000,0x00000000e6500000)
  from space 18432K, 64% used [0x00000000e7780000,0x00000000e8324ea0,0x00000000e8980000)
  to   space 18944K, 0% used [0x00000000e6500000,0x00000000e6500000,0x00000000e7780000)
 ParOldGen       total 65536K, used 38045K [0x00000000a1c00000, 0x00000000a5c00000, 0x00000000e0980000)
  object space 65536K, 58% used [0x00000000a1c00000,0x00000000a41277b0,0x00000000a5c00000)
 Metaspace       used 20697K, capacity 21208K, committed 21248K, reserved 1069056K
  class space    used 2373K, capacity 2522K, committed 2560K, reserved 1048576K
}
Event: 27.938 GC heap before
{Heap before GC invocations=11 (full 1):
 PSYoungGen      total 112128K, used 11923K [0x00000000e0980000, 0x00000000ec200000, 0x0000000100000000)
  eden space 93696K, 0% used [0x00000000e0980000,0x00000000e0980000,0x00000000e6500000)
  from space 18432K, 64% used [0x00000000e7780000,0x00000000e8324ea0,0x00000000e8980000)
  to   space 18944K, 0% used [0x00000000e6500000,0x00000000e6500000,0x00000000e7780000)
 ParOldGen       total 65536K, used 38045K [0x00000000a1c00000, 0x00000000a5c00000, 0x00000000e0980000)
  object space 65536K, 58% used [0x00000000a1c00000,0x00000000a41277b0,0x00000000a5c00000)
 Metaspace       used 20697K, capacity 21208K, committed 21248K, reserved 1069056K
  class space    used 2373K, capacity 2522K, committed 2560K, reserved 1048576K
Event: 28.290 GC heap after
Heap after GC invocations=11 (full 1):
 PSYoungGen      total 112128K, used 0K [0x00000000e0980000, 0x00000000ec200000, 0x0000000100000000)
  eden space 93696K, 0% used [0x00000000e0980000,0x00000000e0980000,0x00000000e6500000)
  from space 18432K, 0% used [0x00000000e7780000,0x00000000e7780000,0x00000000e8980000)
  to   space 18944K, 0% used [0x00000000e6500000,0x00000000e6500000,0x00000000e7780000)
 ParOldGen       total 89088K, used 40819K [0x00000000a1c00000, 0x00000000a7300000, 0x00000000e0980000)
  object space 89088K, 45% used [0x00000000a1c00000,0x00000000a43dce58,0x00000000a7300000)
 Metaspace       used 20697K, capacity 21208K, committed 21248K, reserved 1069056K
  class space    used 2373K, capacity 2522K, committed 2560K, reserved 1048576K
}

